[2023-07-28T06:45:14.257+0000] {taskinstance.py:1103} INFO - Dependencies all met for dep_context=non-requeueable deps ti=<TaskInstance: full_copy.sql_extract scheduled__2023-07-16T23:00:00+00:00 [queued]>
[2023-07-28T06:45:14.604+0000] {taskinstance.py:1103} INFO - Dependencies all met for dep_context=requeueable deps ti=<TaskInstance: full_copy.sql_extract scheduled__2023-07-16T23:00:00+00:00 [queued]>
[2023-07-28T06:45:14.642+0000] {taskinstance.py:1308} INFO - Starting attempt 1 of 1
[2023-07-28T06:45:15.159+0000] {taskinstance.py:1327} INFO - Executing <Task(PythonOperator): sql_extract> on 2023-07-16 23:00:00+00:00
[2023-07-28T06:45:15.323+0000] {standard_task_runner.py:57} INFO - Started process 8118 to run task
[2023-07-28T06:45:15.363+0000] {standard_task_runner.py:84} INFO - Running: ['***', 'tasks', 'run', 'full_copy', 'sql_extract', 'scheduled__2023-07-16T23:00:00+00:00', '--job-id', '152', '--raw', '--subdir', 'DAGS_FOLDER/full_copy.py', '--cfg-path', '/tmp/tmphzacu01r']
[2023-07-28T06:45:15.447+0000] {standard_task_runner.py:85} INFO - Job 152: Subtask sql_extract
[2023-07-28T06:45:17.149+0000] {task_command.py:410} INFO - Running <TaskInstance: full_copy.sql_extract scheduled__2023-07-16T23:00:00+00:00 [running]> on host b38a1c3e4ebf
[2023-07-28T06:45:20.356+0000] {taskinstance.py:1547} INFO - Exporting env vars: AIRFLOW_CTX_DAG_OWNER='***' AIRFLOW_CTX_DAG_ID='full_copy' AIRFLOW_CTX_TASK_ID='sql_extract' AIRFLOW_CTX_EXECUTION_DATE='2023-07-16T23:00:00+00:00' AIRFLOW_CTX_TRY_NUMBER='1' AIRFLOW_CTX_DAG_RUN_ID='scheduled__2023-07-16T23:00:00+00:00'
[2023-07-28T06:45:20.520+0000] {base.py:73} INFO - Using connection ID 'mysql_conn_id' for task execution.
[2023-07-28T06:45:21.016+0000] {sql.py:375} INFO - Running statement: 
            SELECT table_name
            FROM information_schema.tables
            WHERE table_schema = 'employees' AND table_name = 'employees'
        , parameters: None
[2023-07-28T06:45:21.028+0000] {sql.py:384} INFO - Rows affected: 1
[2023-07-28T06:45:21.035+0000] {logging_mixin.py:150} INFO - (('employees',),)
[2023-07-28T06:45:21.069+0000] {python.py:183} INFO - Done. Returned value was: ('employees',)
[2023-07-28T06:45:23.210+0000] {taskinstance.py:1350} INFO - Marking task as SUCCESS. dag_id=full_copy, task_id=sql_extract, execution_date=20230716T230000, start_date=20230728T064514, end_date=20230728T064523
[2023-07-28T06:45:24.438+0000] {local_task_job_runner.py:225} INFO - Task exited with return code 0
[2023-07-28T06:45:25.005+0000] {taskinstance.py:2653} INFO - 1 downstream tasks scheduled from follow-on schedule check
[2023-07-28T06:48:46.646+0000] {taskinstance.py:1103} INFO - Dependencies all met for dep_context=non-requeueable deps ti=<TaskInstance: full_copy.sql_extract scheduled__2023-07-16T23:00:00+00:00 [queued]>
[2023-07-28T06:48:46.685+0000] {taskinstance.py:1103} INFO - Dependencies all met for dep_context=requeueable deps ti=<TaskInstance: full_copy.sql_extract scheduled__2023-07-16T23:00:00+00:00 [queued]>
[2023-07-28T06:48:46.687+0000] {taskinstance.py:1308} INFO - Starting attempt 1 of 2
[2023-07-28T06:48:46.834+0000] {taskinstance.py:1327} INFO - Executing <Task(PythonOperator): sql_extract> on 2023-07-16 23:00:00+00:00
[2023-07-28T06:48:46.880+0000] {standard_task_runner.py:57} INFO - Started process 8239 to run task
[2023-07-28T06:48:46.891+0000] {standard_task_runner.py:84} INFO - Running: ['***', 'tasks', 'run', 'full_copy', 'sql_extract', 'scheduled__2023-07-16T23:00:00+00:00', '--job-id', '159', '--raw', '--subdir', 'DAGS_FOLDER/full_copy.py', '--cfg-path', '/tmp/tmpsqdv70w3']
[2023-07-28T06:48:46.899+0000] {standard_task_runner.py:85} INFO - Job 159: Subtask sql_extract
[2023-07-28T06:48:47.249+0000] {task_command.py:410} INFO - Running <TaskInstance: full_copy.sql_extract scheduled__2023-07-16T23:00:00+00:00 [running]> on host b38a1c3e4ebf
[2023-07-28T06:48:47.860+0000] {taskinstance.py:1547} INFO - Exporting env vars: AIRFLOW_CTX_DAG_OWNER='***' AIRFLOW_CTX_DAG_ID='full_copy' AIRFLOW_CTX_TASK_ID='sql_extract' AIRFLOW_CTX_EXECUTION_DATE='2023-07-16T23:00:00+00:00' AIRFLOW_CTX_TRY_NUMBER='1' AIRFLOW_CTX_DAG_RUN_ID='scheduled__2023-07-16T23:00:00+00:00'
[2023-07-28T06:48:47.954+0000] {base.py:73} INFO - Using connection ID 'mysql_conn_id' for task execution.
[2023-07-28T06:48:48.030+0000] {sql.py:375} INFO - Running statement: 
            SELECT table_name
            FROM information_schema.tables
            WHERE table_schema = 'employees' AND table_name = 'employees'
        , parameters: None
[2023-07-28T06:48:48.039+0000] {sql.py:384} INFO - Rows affected: 1
[2023-07-28T06:48:48.047+0000] {logging_mixin.py:150} INFO - (('employees',),)
[2023-07-28T06:48:48.048+0000] {python.py:183} INFO - Done. Returned value was: ('employees',)
[2023-07-28T06:48:48.284+0000] {taskinstance.py:1350} INFO - Marking task as SUCCESS. dag_id=full_copy, task_id=sql_extract, execution_date=20230716T230000, start_date=20230728T064846, end_date=20230728T064848
[2023-07-28T06:48:48.415+0000] {local_task_job_runner.py:225} INFO - Task exited with return code 0
[2023-07-28T06:48:48.575+0000] {taskinstance.py:2653} INFO - 1 downstream tasks scheduled from follow-on schedule check
