[2023-07-28T06:42:52.773+0000] {taskinstance.py:1103} INFO - Dependencies all met for dep_context=non-requeueable deps ti=<TaskInstance: full_copy.sql_extract scheduled__2023-03-05T23:00:00+00:00 [queued]>
[2023-07-28T06:42:55.867+0000] {taskinstance.py:1103} INFO - Dependencies all met for dep_context=requeueable deps ti=<TaskInstance: full_copy.sql_extract scheduled__2023-03-05T23:00:00+00:00 [queued]>
[2023-07-28T06:42:55.870+0000] {taskinstance.py:1308} INFO - Starting attempt 1 of 2
[2023-07-28T06:42:57.026+0000] {taskinstance.py:1327} INFO - Executing <Task(PythonOperator): sql_extract> on 2023-03-05 23:00:00+00:00
[2023-07-28T06:42:57.246+0000] {standard_task_runner.py:57} INFO - Started process 7996 to run task
[2023-07-28T06:42:57.577+0000] {standard_task_runner.py:84} INFO - Running: ['***', 'tasks', 'run', 'full_copy', 'sql_extract', 'scheduled__2023-03-05T23:00:00+00:00', '--job-id', '135', '--raw', '--subdir', 'DAGS_FOLDER/full_copy.py', '--cfg-path', '/tmp/tmpjc0lr5x_']
[2023-07-28T06:42:57.662+0000] {standard_task_runner.py:85} INFO - Job 135: Subtask sql_extract
[2023-07-28T06:43:00.401+0000] {task_command.py:410} INFO - Running <TaskInstance: full_copy.sql_extract scheduled__2023-03-05T23:00:00+00:00 [running]> on host b38a1c3e4ebf
[2023-07-28T06:43:07.899+0000] {taskinstance.py:1547} INFO - Exporting env vars: AIRFLOW_CTX_DAG_OWNER='***' AIRFLOW_CTX_DAG_ID='full_copy' AIRFLOW_CTX_TASK_ID='sql_extract' AIRFLOW_CTX_EXECUTION_DATE='2023-03-05T23:00:00+00:00' AIRFLOW_CTX_TRY_NUMBER='1' AIRFLOW_CTX_DAG_RUN_ID='scheduled__2023-03-05T23:00:00+00:00'
[2023-07-28T06:43:08.268+0000] {base.py:73} INFO - Using connection ID 'mysql_conn_id' for task execution.
[2023-07-28T06:43:09.609+0000] {sql.py:375} INFO - Running statement: 
            SELECT table_name
            FROM information_schema.tables
            WHERE table_schema = 'employees' AND table_name = 'employees'
        , parameters: None
[2023-07-28T06:43:09.632+0000] {sql.py:384} INFO - Rows affected: 1
[2023-07-28T06:43:09.651+0000] {logging_mixin.py:150} INFO - (('employees',),)
[2023-07-28T06:43:09.682+0000] {python.py:183} INFO - Done. Returned value was: ('employees',)
[2023-07-28T06:43:11.420+0000] {taskinstance.py:1350} INFO - Marking task as SUCCESS. dag_id=full_copy, task_id=sql_extract, execution_date=20230305T230000, start_date=20230728T064254, end_date=20230728T064311
[2023-07-28T06:43:12.706+0000] {local_task_job_runner.py:225} INFO - Task exited with return code 0
[2023-07-28T06:43:14.029+0000] {taskinstance.py:2653} INFO - 1 downstream tasks scheduled from follow-on schedule check
