[2023-07-28T05:49:34.071+0000] {taskinstance.py:1103} INFO - Dependencies all met for dep_context=non-requeueable deps ti=<TaskInstance: gcp_extract_and_load_full_copy.sql_extract scheduled__2022-03-13T23:00:00+00:00 [queued]>
[2023-07-28T05:49:34.715+0000] {taskinstance.py:1103} INFO - Dependencies all met for dep_context=requeueable deps ti=<TaskInstance: gcp_extract_and_load_full_copy.sql_extract scheduled__2022-03-13T23:00:00+00:00 [queued]>
[2023-07-28T05:49:34.761+0000] {taskinstance.py:1308} INFO - Starting attempt 1 of 2
[2023-07-28T05:49:35.688+0000] {taskinstance.py:1327} INFO - Executing <Task(PythonOperator): sql_extract> on 2022-03-13 23:00:00+00:00
[2023-07-28T05:49:36.005+0000] {standard_task_runner.py:57} INFO - Started process 6091 to run task
[2023-07-28T05:49:36.201+0000] {standard_task_runner.py:84} INFO - Running: ['***', 'tasks', 'run', 'gcp_extract_and_load_full_copy', 'sql_extract', 'scheduled__2022-03-13T23:00:00+00:00', '--job-id', '65', '--raw', '--subdir', 'DAGS_FOLDER/full_copy.py', '--cfg-path', '/tmp/tmpldx8b5lt']
[2023-07-28T05:49:37.659+0000] {standard_task_runner.py:85} INFO - Job 65: Subtask sql_extract
[2023-07-28T05:49:44.006+0000] {task_command.py:410} INFO - Running <TaskInstance: gcp_extract_and_load_full_copy.sql_extract scheduled__2022-03-13T23:00:00+00:00 [running]> on host b38a1c3e4ebf
[2023-07-28T05:49:59.636+0000] {taskinstance.py:1547} INFO - Exporting env vars: AIRFLOW_CTX_DAG_OWNER='***' AIRFLOW_CTX_DAG_ID='gcp_extract_and_load_full_copy' AIRFLOW_CTX_TASK_ID='sql_extract' AIRFLOW_CTX_EXECUTION_DATE='2022-03-13T23:00:00+00:00' AIRFLOW_CTX_TRY_NUMBER='1' AIRFLOW_CTX_DAG_RUN_ID='scheduled__2022-03-13T23:00:00+00:00'
[2023-07-28T05:50:00.154+0000] {base.py:73} INFO - Using connection ID 'mysql_conn_id' for task execution.
[2023-07-28T05:50:01.519+0000] {sql.py:375} INFO - Running statement: 
            SELECT table_name
            FROM information_schema.tables
            WHERE table_schema = 'employees' AND table_name = 'employees'
        , parameters: None
[2023-07-28T05:50:01.667+0000] {sql.py:384} INFO - Rows affected: 1
[2023-07-28T05:50:01.676+0000] {logging_mixin.py:150} INFO - (('employees',),)
[2023-07-28T05:50:01.686+0000] {python.py:183} INFO - Done. Returned value was: ('employees',)
[2023-07-28T05:50:05.454+0000] {taskinstance.py:1350} INFO - Marking task as SUCCESS. dag_id=gcp_extract_and_load_full_copy, task_id=sql_extract, execution_date=20220313T230000, start_date=20230728T054934, end_date=20230728T055005
[2023-07-28T05:50:11.968+0000] {local_task_job_runner.py:225} INFO - Task exited with return code 0
[2023-07-28T05:50:13.415+0000] {taskinstance.py:2653} INFO - 1 downstream tasks scheduled from follow-on schedule check
