[2023-07-29T08:16:44.095+0000] {taskinstance.py:1103} INFO - Dependencies all met for dep_context=non-requeueable deps ti=<TaskInstance: full_copy.sql_extract manual__2023-07-29T08:16:27.265150+00:00 [queued]>
[2023-07-29T08:16:44.132+0000] {taskinstance.py:1103} INFO - Dependencies all met for dep_context=requeueable deps ti=<TaskInstance: full_copy.sql_extract manual__2023-07-29T08:16:27.265150+00:00 [queued]>
[2023-07-29T08:16:44.133+0000] {taskinstance.py:1308} INFO - Starting attempt 1 of 2
[2023-07-29T08:16:44.178+0000] {taskinstance.py:1327} INFO - Executing <Task(PythonOperator): sql_extract> on 2023-07-29 08:16:27.265150+00:00
[2023-07-29T08:16:44.187+0000] {standard_task_runner.py:57} INFO - Started process 343 to run task
[2023-07-29T08:16:44.193+0000] {standard_task_runner.py:84} INFO - Running: ['***', 'tasks', 'run', 'full_copy', 'sql_extract', 'manual__2023-07-29T08:16:27.265150+00:00', '--job-id', '268', '--raw', '--subdir', 'DAGS_FOLDER/full_copy.py', '--cfg-path', '/tmp/tmptmmxejz1']
[2023-07-29T08:16:44.198+0000] {standard_task_runner.py:85} INFO - Job 268: Subtask sql_extract
[2023-07-29T08:16:44.284+0000] {task_command.py:410} INFO - Running <TaskInstance: full_copy.sql_extract manual__2023-07-29T08:16:27.265150+00:00 [running]> on host e6ac5424eb0d
[2023-07-29T08:16:44.518+0000] {taskinstance.py:1547} INFO - Exporting env vars: AIRFLOW_CTX_DAG_OWNER='***' AIRFLOW_CTX_DAG_ID='full_copy' AIRFLOW_CTX_TASK_ID='sql_extract' AIRFLOW_CTX_EXECUTION_DATE='2023-07-29T08:16:27.265150+00:00' AIRFLOW_CTX_TRY_NUMBER='1' AIRFLOW_CTX_DAG_RUN_ID='manual__2023-07-29T08:16:27.265150+00:00'
[2023-07-29T08:16:44.543+0000] {base.py:73} INFO - Using connection ID 'mysql_conn_id' for task execution.
[2023-07-29T08:16:44.682+0000] {sql.py:375} INFO - Running statement: 
            SELECT table_name
            FROM information_schema.tables
            WHERE table_schema = 'employees' AND table_name = 'employees'
        , parameters: None
[2023-07-29T08:16:44.698+0000] {sql.py:384} INFO - Rows affected: 1
[2023-07-29T08:16:44.700+0000] {logging_mixin.py:150} INFO - (('employees',),)
[2023-07-29T08:16:44.701+0000] {python.py:183} INFO - Done. Returned value was: ('employees',)
[2023-07-29T08:16:44.742+0000] {taskinstance.py:1350} INFO - Marking task as SUCCESS. dag_id=full_copy, task_id=sql_extract, execution_date=20230729T081627, start_date=20230729T081644, end_date=20230729T081644
[2023-07-29T08:16:44.812+0000] {local_task_job_runner.py:225} INFO - Task exited with return code 0
[2023-07-29T08:16:44.866+0000] {taskinstance.py:2653} INFO - 1 downstream tasks scheduled from follow-on schedule check
