[2023-07-28T05:57:51.003+0000] {taskinstance.py:1103} INFO - Dependencies all met for dep_context=non-requeueable deps ti=<TaskInstance: gcp_extract_and_load_full_load_copy.sql_extract manual__2023-07-28T05:56:59.480999+00:00 [queued]>
[2023-07-28T05:57:52.235+0000] {taskinstance.py:1103} INFO - Dependencies all met for dep_context=requeueable deps ti=<TaskInstance: gcp_extract_and_load_full_load_copy.sql_extract manual__2023-07-28T05:56:59.480999+00:00 [queued]>
[2023-07-28T05:57:52.338+0000] {taskinstance.py:1308} INFO - Starting attempt 1 of 2
[2023-07-28T05:57:53.684+0000] {taskinstance.py:1327} INFO - Executing <Task(PythonOperator): sql_extract> on 2023-07-28 05:56:59.480999+00:00
[2023-07-28T05:57:54.250+0000] {standard_task_runner.py:57} INFO - Started process 6381 to run task
[2023-07-28T05:57:54.748+0000] {standard_task_runner.py:84} INFO - Running: ['***', 'tasks', 'run', 'gcp_extract_and_load_full_load_copy', 'sql_extract', 'manual__2023-07-28T05:56:59.480999+00:00', '--job-id', '71', '--raw', '--subdir', 'DAGS_FOLDER/full_copy.py', '--cfg-path', '/tmp/tmp14pi5spw']
[2023-07-28T05:57:54.954+0000] {standard_task_runner.py:85} INFO - Job 71: Subtask sql_extract
[2023-07-28T05:57:58.753+0000] {task_command.py:410} INFO - Running <TaskInstance: gcp_extract_and_load_full_load_copy.sql_extract manual__2023-07-28T05:56:59.480999+00:00 [running]> on host b38a1c3e4ebf
[2023-07-28T05:58:05.446+0000] {taskinstance.py:1547} INFO - Exporting env vars: AIRFLOW_CTX_DAG_OWNER='***' AIRFLOW_CTX_DAG_ID='gcp_extract_and_load_full_load_copy' AIRFLOW_CTX_TASK_ID='sql_extract' AIRFLOW_CTX_EXECUTION_DATE='2023-07-28T05:56:59.480999+00:00' AIRFLOW_CTX_TRY_NUMBER='1' AIRFLOW_CTX_DAG_RUN_ID='manual__2023-07-28T05:56:59.480999+00:00'
[2023-07-28T05:58:05.916+0000] {base.py:73} INFO - Using connection ID 'mysql_conn_id' for task execution.
[2023-07-28T05:58:06.593+0000] {sql.py:375} INFO - Running statement: 
            SELECT table_name
            FROM information_schema.tables
            WHERE table_schema = 'employees' AND table_name = 'employees'
        , parameters: None
[2023-07-28T05:58:06.616+0000] {sql.py:384} INFO - Rows affected: 1
[2023-07-28T05:58:06.646+0000] {logging_mixin.py:150} INFO - (('employees',),)
[2023-07-28T05:58:06.714+0000] {python.py:183} INFO - Done. Returned value was: ('employees',)
[2023-07-28T05:58:07.595+0000] {taskinstance.py:1350} INFO - Marking task as SUCCESS. dag_id=gcp_extract_and_load_full_load_copy, task_id=sql_extract, execution_date=20230728T055659, start_date=20230728T055751, end_date=20230728T055807
[2023-07-28T05:58:09.622+0000] {local_task_job_runner.py:225} INFO - Task exited with return code 0
[2023-07-28T05:58:10.366+0000] {taskinstance.py:2653} INFO - 1 downstream tasks scheduled from follow-on schedule check
