[2023-07-28T05:50:12.060+0000] {taskinstance.py:1103} INFO - Dependencies all met for dep_context=non-requeueable deps ti=<TaskInstance: gcp_extract_and_load_full_copy.sql_extract scheduled__2022-03-27T23:00:00+00:00 [queued]>
[2023-07-28T05:50:12.819+0000] {taskinstance.py:1103} INFO - Dependencies all met for dep_context=requeueable deps ti=<TaskInstance: gcp_extract_and_load_full_copy.sql_extract scheduled__2022-03-27T23:00:00+00:00 [queued]>
[2023-07-28T05:50:12.835+0000] {taskinstance.py:1308} INFO - Starting attempt 1 of 2
[2023-07-28T05:50:31.005+0000] {taskinstance.py:1327} INFO - Executing <Task(PythonOperator): sql_extract> on 2022-03-27 23:00:00+00:00
[2023-07-28T05:50:31.849+0000] {standard_task_runner.py:57} INFO - Started process 6118 to run task
[2023-07-28T05:50:31.915+0000] {standard_task_runner.py:84} INFO - Running: ['***', 'tasks', 'run', 'gcp_extract_and_load_full_copy', 'sql_extract', 'scheduled__2022-03-27T23:00:00+00:00', '--job-id', '69', '--raw', '--subdir', 'DAGS_FOLDER/full_copy.py', '--cfg-path', '/tmp/tmpmll7wt68']
[2023-07-28T05:50:32.033+0000] {standard_task_runner.py:85} INFO - Job 69: Subtask sql_extract
[2023-07-28T05:50:37.006+0000] {task_command.py:410} INFO - Running <TaskInstance: gcp_extract_and_load_full_copy.sql_extract scheduled__2022-03-27T23:00:00+00:00 [running]> on host b38a1c3e4ebf
[2023-07-28T05:50:45.666+0000] {taskinstance.py:1547} INFO - Exporting env vars: AIRFLOW_CTX_DAG_OWNER='***' AIRFLOW_CTX_DAG_ID='gcp_extract_and_load_full_copy' AIRFLOW_CTX_TASK_ID='sql_extract' AIRFLOW_CTX_EXECUTION_DATE='2022-03-27T23:00:00+00:00' AIRFLOW_CTX_TRY_NUMBER='1' AIRFLOW_CTX_DAG_RUN_ID='scheduled__2022-03-27T23:00:00+00:00'
[2023-07-28T05:50:46.416+0000] {base.py:73} INFO - Using connection ID 'mysql_conn_id' for task execution.
[2023-07-28T05:50:47.084+0000] {sql.py:375} INFO - Running statement: 
            SELECT table_name
            FROM information_schema.tables
            WHERE table_schema = 'employees' AND table_name = 'employees'
        , parameters: None
[2023-07-28T05:50:47.099+0000] {sql.py:384} INFO - Rows affected: 1
[2023-07-28T05:50:47.141+0000] {logging_mixin.py:150} INFO - (('employees',),)
[2023-07-28T05:50:47.193+0000] {python.py:183} INFO - Done. Returned value was: ('employees',)
[2023-07-28T05:50:48.370+0000] {taskinstance.py:1350} INFO - Marking task as SUCCESS. dag_id=gcp_extract_and_load_full_copy, task_id=sql_extract, execution_date=20220327T230000, start_date=20230728T055012, end_date=20230728T055048
[2023-07-28T05:50:50.172+0000] {local_task_job_runner.py:225} INFO - Task exited with return code 0
[2023-07-28T05:50:54.374+0000] {taskinstance.py:2653} INFO - 0 downstream tasks scheduled from follow-on schedule check
