[2023-07-28T06:04:10.900+0000] {taskinstance.py:1103} INFO - Dependencies all met for dep_context=non-requeueable deps ti=<TaskInstance: gcp_extract_and_load_full_load_copy.sql_extract scheduled__2022-04-24T23:00:00+00:00 [queued]>
[2023-07-28T06:04:11.496+0000] {taskinstance.py:1103} INFO - Dependencies all met for dep_context=requeueable deps ti=<TaskInstance: gcp_extract_and_load_full_load_copy.sql_extract scheduled__2022-04-24T23:00:00+00:00 [queued]>
[2023-07-28T06:04:11.506+0000] {taskinstance.py:1308} INFO - Starting attempt 2 of 2
[2023-07-28T06:04:12.360+0000] {taskinstance.py:1327} INFO - Executing <Task(PythonOperator): sql_extract> on 2022-04-24 23:00:00+00:00
[2023-07-28T06:04:12.731+0000] {standard_task_runner.py:57} INFO - Started process 6586 to run task
[2023-07-28T06:04:13.013+0000] {standard_task_runner.py:84} INFO - Running: ['***', 'tasks', 'run', 'gcp_extract_and_load_full_load_copy', 'sql_extract', 'scheduled__2022-04-24T23:00:00+00:00', '--job-id', '88', '--raw', '--subdir', 'DAGS_FOLDER/full_copy.py', '--cfg-path', '/tmp/tmp7qu56fvy']
[2023-07-28T06:04:13.098+0000] {standard_task_runner.py:85} INFO - Job 88: Subtask sql_extract
[2023-07-28T06:04:14.949+0000] {task_command.py:410} INFO - Running <TaskInstance: gcp_extract_and_load_full_load_copy.sql_extract scheduled__2022-04-24T23:00:00+00:00 [running]> on host b38a1c3e4ebf
[2023-07-28T06:04:23.482+0000] {taskinstance.py:1547} INFO - Exporting env vars: AIRFLOW_CTX_DAG_OWNER='***' AIRFLOW_CTX_DAG_ID='gcp_extract_and_load_full_load_copy' AIRFLOW_CTX_TASK_ID='sql_extract' AIRFLOW_CTX_EXECUTION_DATE='2022-04-24T23:00:00+00:00' AIRFLOW_CTX_TRY_NUMBER='2' AIRFLOW_CTX_DAG_RUN_ID='scheduled__2022-04-24T23:00:00+00:00'
[2023-07-28T06:04:24.124+0000] {base.py:73} INFO - Using connection ID 'mysql_conn_id' for task execution.
[2023-07-28T06:04:25.010+0000] {sql.py:375} INFO - Running statement: 
            SELECT table_name
            FROM information_schema.tables
            WHERE table_schema = 'employees' AND table_name = 'employees'
        , parameters: None
[2023-07-28T06:04:25.108+0000] {sql.py:384} INFO - Rows affected: 1
[2023-07-28T06:04:25.175+0000] {logging_mixin.py:150} INFO - (('employees',),)
[2023-07-28T06:04:25.213+0000] {python.py:183} INFO - Done. Returned value was: ('employees',)
[2023-07-28T06:04:26.026+0000] {taskinstance.py:1350} INFO - Marking task as SUCCESS. dag_id=gcp_extract_and_load_full_load_copy, task_id=sql_extract, execution_date=20220424T230000, start_date=20230728T060410, end_date=20230728T060426
[2023-07-28T06:04:26.917+0000] {local_task_job_runner.py:225} INFO - Task exited with return code 0
[2023-07-28T06:04:28.158+0000] {taskinstance.py:2653} INFO - 1 downstream tasks scheduled from follow-on schedule check
