[2023-07-28T06:46:02.215+0000] {taskinstance.py:1103} INFO - Dependencies all met for dep_context=non-requeueable deps ti=<TaskInstance: full_copy.gcp_load scheduled__2023-07-16T23:00:00+00:00 [queued]>
[2023-07-28T06:46:03.521+0000] {taskinstance.py:1103} INFO - Dependencies all met for dep_context=requeueable deps ti=<TaskInstance: full_copy.gcp_load scheduled__2023-07-16T23:00:00+00:00 [queued]>
[2023-07-28T06:46:03.564+0000] {taskinstance.py:1308} INFO - Starting attempt 1 of 1
[2023-07-28T06:46:04.489+0000] {taskinstance.py:1327} INFO - Executing <Task(PythonOperator): gcp_load> on 2023-07-16 23:00:00+00:00
[2023-07-28T06:46:04.641+0000] {standard_task_runner.py:57} INFO - Started process 8150 to run task
[2023-07-28T06:46:04.701+0000] {standard_task_runner.py:84} INFO - Running: ['***', 'tasks', 'run', 'full_copy', 'gcp_load', 'scheduled__2023-07-16T23:00:00+00:00', '--job-id', '158', '--raw', '--subdir', 'DAGS_FOLDER/full_copy.py', '--cfg-path', '/tmp/tmpqphk96pg']
[2023-07-28T06:46:05.025+0000] {standard_task_runner.py:85} INFO - Job 158: Subtask gcp_load
[2023-07-28T06:46:06.105+0000] {task_command.py:410} INFO - Running <TaskInstance: full_copy.gcp_load scheduled__2023-07-16T23:00:00+00:00 [running]> on host b38a1c3e4ebf
[2023-07-28T06:46:11.229+0000] {taskinstance.py:1547} INFO - Exporting env vars: AIRFLOW_CTX_DAG_OWNER='***' AIRFLOW_CTX_DAG_ID='full_copy' AIRFLOW_CTX_TASK_ID='gcp_load' AIRFLOW_CTX_EXECUTION_DATE='2023-07-16T23:00:00+00:00' AIRFLOW_CTX_TRY_NUMBER='1' AIRFLOW_CTX_DAG_RUN_ID='scheduled__2023-07-16T23:00:00+00:00'
[2023-07-28T06:46:16.045+0000] {base.py:73} INFO - Using connection ID 'mysql_conn_id' for task execution.
[2023-07-28T06:46:50.285+0000] {logging_mixin.py:150} INFO - Importing rows 0 to 300024... for table employees
[2023-07-28T06:47:00.536+0000] {logging_mixin.py:150} INFO - Loaded 6000480 rows and 6 columns to marine-fusion-394105.employees_db.employees
[2023-07-28T06:47:00.584+0000] {python.py:183} INFO - Done. Returned value was: None
[2023-07-28T06:47:01.036+0000] {taskinstance.py:1350} INFO - Marking task as SUCCESS. dag_id=full_copy, task_id=gcp_load, execution_date=20230716T230000, start_date=20230728T064602, end_date=20230728T064701
[2023-07-28T06:47:01.322+0000] {local_task_job_runner.py:225} INFO - Task exited with return code 0
[2023-07-28T06:47:01.410+0000] {taskinstance.py:2653} INFO - 0 downstream tasks scheduled from follow-on schedule check
[2023-07-28T06:48:56.353+0000] {taskinstance.py:1103} INFO - Dependencies all met for dep_context=non-requeueable deps ti=<TaskInstance: full_copy.gcp_load scheduled__2023-07-16T23:00:00+00:00 [queued]>
[2023-07-28T06:48:56.472+0000] {taskinstance.py:1103} INFO - Dependencies all met for dep_context=requeueable deps ti=<TaskInstance: full_copy.gcp_load scheduled__2023-07-16T23:00:00+00:00 [queued]>
[2023-07-28T06:48:56.473+0000] {taskinstance.py:1308} INFO - Starting attempt 1 of 2
[2023-07-28T06:48:56.562+0000] {taskinstance.py:1327} INFO - Executing <Task(PythonOperator): gcp_load> on 2023-07-16 23:00:00+00:00
[2023-07-28T06:48:56.591+0000] {standard_task_runner.py:57} INFO - Started process 8254 to run task
[2023-07-28T06:48:56.588+0000] {standard_task_runner.py:84} INFO - Running: ['***', 'tasks', 'run', 'full_copy', 'gcp_load', 'scheduled__2023-07-16T23:00:00+00:00', '--job-id', '162', '--raw', '--subdir', 'DAGS_FOLDER/full_copy.py', '--cfg-path', '/tmp/tmp9l229ldr']
[2023-07-28T06:48:56.618+0000] {standard_task_runner.py:85} INFO - Job 162: Subtask gcp_load
[2023-07-28T06:48:56.855+0000] {task_command.py:410} INFO - Running <TaskInstance: full_copy.gcp_load scheduled__2023-07-16T23:00:00+00:00 [running]> on host b38a1c3e4ebf
[2023-07-28T06:48:57.487+0000] {taskinstance.py:1547} INFO - Exporting env vars: AIRFLOW_CTX_DAG_OWNER='***' AIRFLOW_CTX_DAG_ID='full_copy' AIRFLOW_CTX_TASK_ID='gcp_load' AIRFLOW_CTX_EXECUTION_DATE='2023-07-16T23:00:00+00:00' AIRFLOW_CTX_TRY_NUMBER='1' AIRFLOW_CTX_DAG_RUN_ID='scheduled__2023-07-16T23:00:00+00:00'
[2023-07-28T06:48:58.323+0000] {base.py:73} INFO - Using connection ID 'mysql_conn_id' for task execution.
[2023-07-28T06:49:04.401+0000] {logging_mixin.py:150} INFO - Importing rows 0 to 300024... for table employees
[2023-07-28T06:49:13.632+0000] {logging_mixin.py:150} INFO - Loaded 7200576 rows and 6 columns to marine-fusion-394105.employees_db.employees
[2023-07-28T06:49:13.633+0000] {python.py:183} INFO - Done. Returned value was: None
[2023-07-28T06:49:13.681+0000] {taskinstance.py:1350} INFO - Marking task as SUCCESS. dag_id=full_copy, task_id=gcp_load, execution_date=20230716T230000, start_date=20230728T064856, end_date=20230728T064913
[2023-07-28T06:49:13.794+0000] {local_task_job_runner.py:225} INFO - Task exited with return code 0
[2023-07-28T06:49:13.894+0000] {taskinstance.py:2653} INFO - 0 downstream tasks scheduled from follow-on schedule check
