[2023-07-29T08:28:35.986+0000] {taskinstance.py:1103} INFO - Dependencies all met for dep_context=non-requeueable deps ti=<TaskInstance: full_copy.sql_extract manual__2023-07-29T08:28:29.735480+00:00 [queued]>
[2023-07-29T08:28:36.009+0000] {taskinstance.py:1103} INFO - Dependencies all met for dep_context=requeueable deps ti=<TaskInstance: full_copy.sql_extract manual__2023-07-29T08:28:29.735480+00:00 [queued]>
[2023-07-29T08:28:36.010+0000] {taskinstance.py:1308} INFO - Starting attempt 1 of 2
[2023-07-29T08:28:36.076+0000] {taskinstance.py:1327} INFO - Executing <Task(PythonOperator): sql_extract> on 2023-07-29 08:28:29.735480+00:00
[2023-07-29T08:28:36.093+0000] {standard_task_runner.py:57} INFO - Started process 779 to run task
[2023-07-29T08:28:36.105+0000] {standard_task_runner.py:84} INFO - Running: ['***', 'tasks', 'run', 'full_copy', 'sql_extract', 'manual__2023-07-29T08:28:29.735480+00:00', '--job-id', '278', '--raw', '--subdir', 'DAGS_FOLDER/full_copy.py', '--cfg-path', '/tmp/tmpxo0om22u']
[2023-07-29T08:28:36.121+0000] {standard_task_runner.py:85} INFO - Job 278: Subtask sql_extract
[2023-07-29T08:28:36.246+0000] {task_command.py:410} INFO - Running <TaskInstance: full_copy.sql_extract manual__2023-07-29T08:28:29.735480+00:00 [running]> on host e6ac5424eb0d
[2023-07-29T08:28:36.494+0000] {taskinstance.py:1547} INFO - Exporting env vars: AIRFLOW_CTX_DAG_OWNER='***' AIRFLOW_CTX_DAG_ID='full_copy' AIRFLOW_CTX_TASK_ID='sql_extract' AIRFLOW_CTX_EXECUTION_DATE='2023-07-29T08:28:29.735480+00:00' AIRFLOW_CTX_TRY_NUMBER='1' AIRFLOW_CTX_DAG_RUN_ID='manual__2023-07-29T08:28:29.735480+00:00'
[2023-07-29T08:28:36.520+0000] {base.py:73} INFO - Using connection ID 'mysql_conn_id' for task execution.
[2023-07-29T08:28:36.556+0000] {sql.py:375} INFO - Running statement: 
            SELECT table_name
            FROM information_schema.tables
            WHERE table_schema = 'employees' AND table_name = 'employees'
        , parameters: None
[2023-07-29T08:28:36.558+0000] {sql.py:384} INFO - Rows affected: 1
[2023-07-29T08:28:36.559+0000] {logging_mixin.py:150} INFO - (('employees',),)
[2023-07-29T08:28:36.560+0000] {python.py:183} INFO - Done. Returned value was: ('employees',)
[2023-07-29T08:28:36.633+0000] {taskinstance.py:1350} INFO - Marking task as SUCCESS. dag_id=full_copy, task_id=sql_extract, execution_date=20230729T082829, start_date=20230729T082835, end_date=20230729T082836
[2023-07-29T08:28:36.683+0000] {local_task_job_runner.py:225} INFO - Task exited with return code 0
[2023-07-29T08:28:36.758+0000] {taskinstance.py:2653} INFO - 1 downstream tasks scheduled from follow-on schedule check
