[2023-07-28T21:52:32.155+0000] {taskinstance.py:1103} INFO - Dependencies all met for dep_context=non-requeueable deps ti=<TaskInstance: full_copy.sql_extract manual__2023-07-28T21:52:23.877431+00:00 [queued]>
[2023-07-28T21:52:32.253+0000] {taskinstance.py:1103} INFO - Dependencies all met for dep_context=requeueable deps ti=<TaskInstance: full_copy.sql_extract manual__2023-07-28T21:52:23.877431+00:00 [queued]>
[2023-07-28T21:52:32.258+0000] {taskinstance.py:1308} INFO - Starting attempt 1 of 2
[2023-07-28T21:52:32.365+0000] {taskinstance.py:1327} INFO - Executing <Task(PythonOperator): sql_extract> on 2023-07-28 21:52:23.877431+00:00
[2023-07-28T21:52:32.382+0000] {standard_task_runner.py:57} INFO - Started process 18019 to run task
[2023-07-28T21:52:32.420+0000] {standard_task_runner.py:84} INFO - Running: ['***', 'tasks', 'run', 'full_copy', 'sql_extract', 'manual__2023-07-28T21:52:23.877431+00:00', '--job-id', '257', '--raw', '--subdir', 'DAGS_FOLDER/full_copy.py', '--cfg-path', '/tmp/tmp7oqytyr2']
[2023-07-28T21:52:32.482+0000] {standard_task_runner.py:85} INFO - Job 257: Subtask sql_extract
[2023-07-28T21:52:32.761+0000] {task_command.py:410} INFO - Running <TaskInstance: full_copy.sql_extract manual__2023-07-28T21:52:23.877431+00:00 [running]> on host a7b633085ee1
[2023-07-28T21:52:33.286+0000] {taskinstance.py:1547} INFO - Exporting env vars: AIRFLOW_CTX_DAG_OWNER='***' AIRFLOW_CTX_DAG_ID='full_copy' AIRFLOW_CTX_TASK_ID='sql_extract' AIRFLOW_CTX_EXECUTION_DATE='2023-07-28T21:52:23.877431+00:00' AIRFLOW_CTX_TRY_NUMBER='1' AIRFLOW_CTX_DAG_RUN_ID='manual__2023-07-28T21:52:23.877431+00:00'
[2023-07-28T21:52:33.322+0000] {base.py:73} INFO - Using connection ID 'mysql_conn_id' for task execution.
[2023-07-28T21:52:33.431+0000] {sql.py:375} INFO - Running statement: 
            SELECT table_name
            FROM information_schema.tables
            WHERE table_schema = 'employees' AND table_name = 'employees'
        , parameters: None
[2023-07-28T21:52:33.433+0000] {sql.py:384} INFO - Rows affected: 1
[2023-07-28T21:52:33.434+0000] {logging_mixin.py:150} INFO - (('employees',),)
[2023-07-28T21:52:33.435+0000] {python.py:183} INFO - Done. Returned value was: ('employees',)
[2023-07-28T21:52:33.590+0000] {taskinstance.py:1350} INFO - Marking task as SUCCESS. dag_id=full_copy, task_id=sql_extract, execution_date=20230728T215223, start_date=20230728T215232, end_date=20230728T215233
[2023-07-28T21:52:33.694+0000] {local_task_job_runner.py:225} INFO - Task exited with return code 0
[2023-07-28T21:52:33.819+0000] {taskinstance.py:2653} INFO - 1 downstream tasks scheduled from follow-on schedule check
