[2023-07-27T11:14:18.363+0000] {taskinstance.py:1103} INFO - Dependencies all met for dep_context=non-requeueable deps ti=<TaskInstance: extract_and_load.sql_extract scheduled__2023-07-26T10:00:00+00:00 [queued]>
[2023-07-27T11:14:18.436+0000] {taskinstance.py:1103} INFO - Dependencies all met for dep_context=requeueable deps ti=<TaskInstance: extract_and_load.sql_extract scheduled__2023-07-26T10:00:00+00:00 [queued]>
[2023-07-27T11:14:18.524+0000] {taskinstance.py:1308} INFO - Starting attempt 1 of 1
[2023-07-27T11:14:18.880+0000] {taskinstance.py:1327} INFO - Executing <Task(_PythonDecoratedOperator): sql_extract> on 2023-07-26 10:00:00+00:00
[2023-07-27T11:14:18.944+0000] {standard_task_runner.py:57} INFO - Started process 1435 to run task
[2023-07-27T11:14:18.976+0000] {standard_task_runner.py:84} INFO - Running: ['***', 'tasks', 'run', 'extract_and_load', 'sql_extract', 'scheduled__2023-07-26T10:00:00+00:00', '--job-id', '11', '--raw', '--subdir', 'DAGS_FOLDER/test.py', '--cfg-path', '/tmp/tmp4hdd15ph']
[2023-07-27T11:14:19.129+0000] {standard_task_runner.py:85} INFO - Job 11: Subtask sql_extract
[2023-07-27T11:14:21.085+0000] {task_command.py:410} INFO - Running <TaskInstance: extract_and_load.sql_extract scheduled__2023-07-26T10:00:00+00:00 [running]> on host 196426c310b5
[2023-07-27T11:14:22.091+0000] {taskinstance.py:1547} INFO - Exporting env vars: AIRFLOW_CTX_DAG_OWNER='***' AIRFLOW_CTX_DAG_ID='extract_and_load' AIRFLOW_CTX_TASK_ID='sql_extract' AIRFLOW_CTX_EXECUTION_DATE='2023-07-26T10:00:00+00:00' AIRFLOW_CTX_TRY_NUMBER='1' AIRFLOW_CTX_DAG_RUN_ID='scheduled__2023-07-26T10:00:00+00:00'
[2023-07-27T11:14:22.149+0000] {base.py:73} INFO - Using connection ID 'mysql_conn_id' for task execution.
[2023-07-27T11:14:22.486+0000] {sql.py:375} INFO - Running statement:  SELECT table_name
                      FROM information_schema.tables
                      WHERE table_schema = 'employees' AND table_name = 'employees' , parameters: None
[2023-07-27T11:14:22.490+0000] {sql.py:384} INFO - Rows affected: 1
[2023-07-27T11:14:22.495+0000] {logging_mixin.py:150} INFO - (('employees',),)
[2023-07-27T11:14:22.497+0000] {python.py:183} INFO - Done. Returned value was: ('employees',)
[2023-07-27T11:14:22.809+0000] {taskinstance.py:1350} INFO - Marking task as SUCCESS. dag_id=extract_and_load, task_id=sql_extract, execution_date=20230726T100000, start_date=20230727T111418, end_date=20230727T111422
[2023-07-27T11:14:22.965+0000] {local_task_job_runner.py:225} INFO - Task exited with return code 0
[2023-07-27T11:14:23.313+0000] {taskinstance.py:2653} INFO - 1 downstream tasks scheduled from follow-on schedule check
[2023-07-27T14:18:04.710+0000] {taskinstance.py:1103} INFO - Dependencies all met for dep_context=non-requeueable deps ti=<TaskInstance: extract_and_load.sql_extract scheduled__2023-07-26T10:00:00+00:00 [queued]>
[2023-07-27T14:18:04.757+0000] {taskinstance.py:1103} INFO - Dependencies all met for dep_context=requeueable deps ti=<TaskInstance: extract_and_load.sql_extract scheduled__2023-07-26T10:00:00+00:00 [queued]>
[2023-07-27T14:18:04.758+0000] {taskinstance.py:1308} INFO - Starting attempt 1 of 1
[2023-07-27T14:18:04.785+0000] {taskinstance.py:1327} INFO - Executing <Task(_PythonDecoratedOperator): sql_extract> on 2023-07-26 10:00:00+00:00
[2023-07-27T14:18:04.794+0000] {standard_task_runner.py:57} INFO - Started process 5109 to run task
[2023-07-27T14:18:04.798+0000] {standard_task_runner.py:84} INFO - Running: ['***', 'tasks', 'run', 'extract_and_load', 'sql_extract', 'scheduled__2023-07-26T10:00:00+00:00', '--job-id', '33', '--raw', '--subdir', 'DAGS_FOLDER/test.py', '--cfg-path', '/tmp/tmpq7h_zy31']
[2023-07-27T14:18:04.804+0000] {standard_task_runner.py:85} INFO - Job 33: Subtask sql_extract
[2023-07-27T14:18:04.894+0000] {task_command.py:410} INFO - Running <TaskInstance: extract_and_load.sql_extract scheduled__2023-07-26T10:00:00+00:00 [running]> on host 54db880c2dec
[2023-07-27T14:18:05.140+0000] {taskinstance.py:1547} INFO - Exporting env vars: AIRFLOW_CTX_DAG_OWNER='***' AIRFLOW_CTX_DAG_ID='extract_and_load' AIRFLOW_CTX_TASK_ID='sql_extract' AIRFLOW_CTX_EXECUTION_DATE='2023-07-26T10:00:00+00:00' AIRFLOW_CTX_TRY_NUMBER='1' AIRFLOW_CTX_DAG_RUN_ID='scheduled__2023-07-26T10:00:00+00:00'
[2023-07-27T14:18:05.180+0000] {base.py:73} INFO - Using connection ID 'mysql_conn_id' for task execution.
[2023-07-27T14:18:05.276+0000] {sql.py:375} INFO - Running statement:  SELECT table_name
                      FROM information_schema.tables
                      WHERE table_schema = 'employees' AND table_name = 'employees' , parameters: None
[2023-07-27T14:18:05.279+0000] {sql.py:384} INFO - Rows affected: 1
[2023-07-27T14:18:05.281+0000] {logging_mixin.py:150} INFO - (('employees',),)
[2023-07-27T14:18:05.281+0000] {python.py:183} INFO - Done. Returned value was: ('employees',)
[2023-07-27T14:18:05.391+0000] {taskinstance.py:1350} INFO - Marking task as SUCCESS. dag_id=extract_and_load, task_id=sql_extract, execution_date=20230726T100000, start_date=20230727T141804, end_date=20230727T141805
[2023-07-27T14:18:05.433+0000] {local_task_job_runner.py:225} INFO - Task exited with return code 0
[2023-07-27T14:18:05.516+0000] {taskinstance.py:2653} INFO - 1 downstream tasks scheduled from follow-on schedule check
