[2023-07-28T07:01:50.574+0000] {taskinstance.py:1103} INFO - Dependencies all met for dep_context=non-requeueable deps ti=<TaskInstance: gcp_extract_and_load.sql_extract scheduled__2023-07-26T10:00:00+00:00 [queued]>
[2023-07-28T07:01:50.590+0000] {taskinstance.py:1103} INFO - Dependencies all met for dep_context=requeueable deps ti=<TaskInstance: gcp_extract_and_load.sql_extract scheduled__2023-07-26T10:00:00+00:00 [queued]>
[2023-07-28T07:01:50.591+0000] {taskinstance.py:1308} INFO - Starting attempt 1 of 1
[2023-07-28T07:01:50.627+0000] {taskinstance.py:1327} INFO - Executing <Task(_PythonDecoratedOperator): sql_extract> on 2023-07-26 10:00:00+00:00
[2023-07-28T07:01:50.636+0000] {standard_task_runner.py:57} INFO - Started process 8776 to run task
[2023-07-28T07:01:50.641+0000] {standard_task_runner.py:84} INFO - Running: ['***', 'tasks', 'run', 'gcp_extract_and_load', 'sql_extract', 'scheduled__2023-07-26T10:00:00+00:00', '--job-id', '175', '--raw', '--subdir', 'DAGS_FOLDER/test.py', '--cfg-path', '/tmp/tmpwi0p1ubc']
[2023-07-28T07:01:50.644+0000] {standard_task_runner.py:85} INFO - Job 175: Subtask sql_extract
[2023-07-28T07:01:50.718+0000] {task_command.py:410} INFO - Running <TaskInstance: gcp_extract_and_load.sql_extract scheduled__2023-07-26T10:00:00+00:00 [running]> on host b38a1c3e4ebf
[2023-07-28T07:01:50.879+0000] {taskinstance.py:1547} INFO - Exporting env vars: AIRFLOW_CTX_DAG_OWNER='***' AIRFLOW_CTX_DAG_ID='gcp_extract_and_load' AIRFLOW_CTX_TASK_ID='sql_extract' AIRFLOW_CTX_EXECUTION_DATE='2023-07-26T10:00:00+00:00' AIRFLOW_CTX_TRY_NUMBER='1' AIRFLOW_CTX_DAG_RUN_ID='scheduled__2023-07-26T10:00:00+00:00'
[2023-07-28T07:01:50.894+0000] {base.py:73} INFO - Using connection ID 'mysql_conn_id' for task execution.
[2023-07-28T07:01:50.961+0000] {sql.py:375} INFO - Running statement: 
                SELECT table_name
                FROM information_schema.tables
                WHERE table_schema = 'employees' AND table_name = 'employees'
            , parameters: None
[2023-07-28T07:01:50.964+0000] {sql.py:384} INFO - Rows affected: 1
[2023-07-28T07:01:50.967+0000] {logging_mixin.py:150} INFO - (('employees',),)
[2023-07-28T07:01:50.968+0000] {python.py:183} INFO - Done. Returned value was: ('employees',)
[2023-07-28T07:01:51.052+0000] {taskinstance.py:1350} INFO - Marking task as SUCCESS. dag_id=gcp_extract_and_load, task_id=sql_extract, execution_date=20230726T100000, start_date=20230728T070150, end_date=20230728T070151
[2023-07-28T07:01:51.175+0000] {local_task_job_runner.py:225} INFO - Task exited with return code 0
[2023-07-28T07:01:51.210+0000] {taskinstance.py:2653} INFO - 1 downstream tasks scheduled from follow-on schedule check
