[2023-07-28T06:32:36.288+0000] {taskinstance.py:1103} INFO - Dependencies all met for dep_context=non-requeueable deps ti=<TaskInstance: full_copy.sql_extract manual__2023-07-28T06:32:05.042401+00:00 [queued]>
[2023-07-28T06:32:36.678+0000] {taskinstance.py:1103} INFO - Dependencies all met for dep_context=requeueable deps ti=<TaskInstance: full_copy.sql_extract manual__2023-07-28T06:32:05.042401+00:00 [queued]>
[2023-07-28T06:32:36.682+0000] {taskinstance.py:1308} INFO - Starting attempt 1 of 2
[2023-07-28T06:32:37.361+0000] {taskinstance.py:1327} INFO - Executing <Task(PythonOperator): sql_extract> on 2023-07-28 06:32:05.042401+00:00
[2023-07-28T06:32:37.831+0000] {standard_task_runner.py:57} INFO - Started process 7630 to run task
[2023-07-28T06:32:37.846+0000] {standard_task_runner.py:84} INFO - Running: ['***', 'tasks', 'run', 'full_copy', 'sql_extract', 'manual__2023-07-28T06:32:05.042401+00:00', '--job-id', '119', '--raw', '--subdir', 'DAGS_FOLDER/full_copy.py', '--cfg-path', '/tmp/tmp38yft5zx']
[2023-07-28T06:32:38.061+0000] {standard_task_runner.py:85} INFO - Job 119: Subtask sql_extract
[2023-07-28T06:32:39.589+0000] {task_command.py:410} INFO - Running <TaskInstance: full_copy.sql_extract manual__2023-07-28T06:32:05.042401+00:00 [running]> on host b38a1c3e4ebf
[2023-07-28T06:32:42.480+0000] {taskinstance.py:1547} INFO - Exporting env vars: AIRFLOW_CTX_DAG_OWNER='***' AIRFLOW_CTX_DAG_ID='full_copy' AIRFLOW_CTX_TASK_ID='sql_extract' AIRFLOW_CTX_EXECUTION_DATE='2023-07-28T06:32:05.042401+00:00' AIRFLOW_CTX_TRY_NUMBER='1' AIRFLOW_CTX_DAG_RUN_ID='manual__2023-07-28T06:32:05.042401+00:00'
[2023-07-28T06:32:42.877+0000] {base.py:73} INFO - Using connection ID 'mysql_conn_id' for task execution.
[2023-07-28T06:32:44.285+0000] {sql.py:375} INFO - Running statement: 
            SELECT table_name
            FROM information_schema.tables
            WHERE table_schema = 'employees' AND table_name = 'employees'
        , parameters: None
[2023-07-28T06:32:44.340+0000] {sql.py:384} INFO - Rows affected: 1
[2023-07-28T06:32:44.360+0000] {logging_mixin.py:150} INFO - (('employees',),)
[2023-07-28T06:32:44.395+0000] {python.py:183} INFO - Done. Returned value was: ('employees',)
[2023-07-28T06:32:44.998+0000] {taskinstance.py:1350} INFO - Marking task as SUCCESS. dag_id=full_copy, task_id=sql_extract, execution_date=20230728T063205, start_date=20230728T063236, end_date=20230728T063244
[2023-07-28T06:32:45.924+0000] {local_task_job_runner.py:225} INFO - Task exited with return code 0
[2023-07-28T06:32:46.550+0000] {taskinstance.py:2653} INFO - 1 downstream tasks scheduled from follow-on schedule check
