[2023-07-27T11:14:34.668+0000] {taskinstance.py:1103} INFO - Dependencies all met for dep_context=non-requeueable deps ti=<TaskInstance: extract_and_load.gcp_load scheduled__2023-07-26T10:00:00+00:00 [queued]>
[2023-07-27T11:14:34.727+0000] {taskinstance.py:1103} INFO - Dependencies all met for dep_context=requeueable deps ti=<TaskInstance: extract_and_load.gcp_load scheduled__2023-07-26T10:00:00+00:00 [queued]>
[2023-07-27T11:14:34.727+0000] {taskinstance.py:1308} INFO - Starting attempt 1 of 1
[2023-07-27T11:14:34.937+0000] {taskinstance.py:1327} INFO - Executing <Task(_PythonDecoratedOperator): gcp_load> on 2023-07-26 10:00:00+00:00
[2023-07-27T11:14:34.974+0000] {standard_task_runner.py:57} INFO - Started process 1447 to run task
[2023-07-27T11:14:35.011+0000] {standard_task_runner.py:84} INFO - Running: ['***', 'tasks', 'run', 'extract_and_load', 'gcp_load', 'scheduled__2023-07-26T10:00:00+00:00', '--job-id', '12', '--raw', '--subdir', 'DAGS_FOLDER/test.py', '--cfg-path', '/tmp/tmptc3mtp1h']
[2023-07-27T11:14:35.033+0000] {standard_task_runner.py:85} INFO - Job 12: Subtask gcp_load
[2023-07-27T11:14:35.905+0000] {task_command.py:410} INFO - Running <TaskInstance: extract_and_load.gcp_load scheduled__2023-07-26T10:00:00+00:00 [running]> on host 196426c310b5
[2023-07-27T11:14:37.013+0000] {taskinstance.py:1547} INFO - Exporting env vars: AIRFLOW_CTX_DAG_OWNER='***' AIRFLOW_CTX_DAG_ID='extract_and_load' AIRFLOW_CTX_TASK_ID='gcp_load' AIRFLOW_CTX_EXECUTION_DATE='2023-07-26T10:00:00+00:00' AIRFLOW_CTX_TRY_NUMBER='1' AIRFLOW_CTX_DAG_RUN_ID='scheduled__2023-07-26T10:00:00+00:00'
[2023-07-27T11:14:37.018+0000] {logging_mixin.py:150} INFO - Data load error: [Errno 2] No such file or directory: 'marine-fusion-394105-6f8656eedaed.json'
[2023-07-27T11:14:37.031+0000] {python.py:183} INFO - Done. Returned value was: None
[2023-07-27T11:14:37.084+0000] {taskinstance.py:1350} INFO - Marking task as SUCCESS. dag_id=extract_and_load, task_id=gcp_load, execution_date=20230726T100000, start_date=20230727T111434, end_date=20230727T111437
[2023-07-27T11:14:37.315+0000] {local_task_job_runner.py:225} INFO - Task exited with return code 0
[2023-07-27T11:14:37.591+0000] {taskinstance.py:2653} INFO - 0 downstream tasks scheduled from follow-on schedule check
[2023-07-27T14:18:08.402+0000] {taskinstance.py:1103} INFO - Dependencies all met for dep_context=non-requeueable deps ti=<TaskInstance: extract_and_load.gcp_load scheduled__2023-07-26T10:00:00+00:00 [queued]>
[2023-07-27T14:18:08.493+0000] {taskinstance.py:1103} INFO - Dependencies all met for dep_context=requeueable deps ti=<TaskInstance: extract_and_load.gcp_load scheduled__2023-07-26T10:00:00+00:00 [queued]>
[2023-07-27T14:18:08.494+0000] {taskinstance.py:1308} INFO - Starting attempt 1 of 1
[2023-07-27T14:18:08.542+0000] {taskinstance.py:1327} INFO - Executing <Task(_PythonDecoratedOperator): gcp_load> on 2023-07-26 10:00:00+00:00
[2023-07-27T14:18:08.552+0000] {standard_task_runner.py:57} INFO - Started process 5121 to run task
[2023-07-27T14:18:08.569+0000] {standard_task_runner.py:84} INFO - Running: ['***', 'tasks', 'run', 'extract_and_load', 'gcp_load', 'scheduled__2023-07-26T10:00:00+00:00', '--job-id', '34', '--raw', '--subdir', 'DAGS_FOLDER/test.py', '--cfg-path', '/tmp/tmp7j5hbipp']
[2023-07-27T14:18:08.592+0000] {standard_task_runner.py:85} INFO - Job 34: Subtask gcp_load
[2023-07-27T14:18:08.983+0000] {task_command.py:410} INFO - Running <TaskInstance: extract_and_load.gcp_load scheduled__2023-07-26T10:00:00+00:00 [running]> on host 54db880c2dec
[2023-07-27T14:18:09.418+0000] {taskinstance.py:1547} INFO - Exporting env vars: AIRFLOW_CTX_DAG_OWNER='***' AIRFLOW_CTX_DAG_ID='extract_and_load' AIRFLOW_CTX_TASK_ID='gcp_load' AIRFLOW_CTX_EXECUTION_DATE='2023-07-26T10:00:00+00:00' AIRFLOW_CTX_TRY_NUMBER='1' AIRFLOW_CTX_DAG_RUN_ID='scheduled__2023-07-26T10:00:00+00:00'
[2023-07-27T14:18:09.429+0000] {logging_mixin.py:150} INFO - Data load error: [Errno 2] No such file or directory: 'marine-fusion-394105-6f8656eedaed.json'
[2023-07-27T14:18:09.430+0000] {python.py:183} INFO - Done. Returned value was: None
[2023-07-27T14:18:09.474+0000] {taskinstance.py:1350} INFO - Marking task as SUCCESS. dag_id=extract_and_load, task_id=gcp_load, execution_date=20230726T100000, start_date=20230727T141808, end_date=20230727T141809
[2023-07-27T14:18:09.618+0000] {local_task_job_runner.py:225} INFO - Task exited with return code 0
[2023-07-27T14:18:09.695+0000] {taskinstance.py:2653} INFO - 0 downstream tasks scheduled from follow-on schedule check
