[2023-07-28T07:02:02.298+0000] {taskinstance.py:1103} INFO - Dependencies all met for dep_context=non-requeueable deps ti=<TaskInstance: gcp_extract_and_load.sql_extract manual__2023-07-28T07:01:51.579563+00:00 [queued]>
[2023-07-28T07:02:02.358+0000] {taskinstance.py:1103} INFO - Dependencies all met for dep_context=requeueable deps ti=<TaskInstance: gcp_extract_and_load.sql_extract manual__2023-07-28T07:01:51.579563+00:00 [queued]>
[2023-07-28T07:02:02.366+0000] {taskinstance.py:1308} INFO - Starting attempt 1 of 1
[2023-07-28T07:02:02.668+0000] {taskinstance.py:1327} INFO - Executing <Task(_PythonDecoratedOperator): sql_extract> on 2023-07-28 07:01:51.579563+00:00
[2023-07-28T07:02:02.740+0000] {standard_task_runner.py:57} INFO - Started process 8788 to run task
[2023-07-28T07:02:02.763+0000] {standard_task_runner.py:84} INFO - Running: ['***', 'tasks', 'run', 'gcp_extract_and_load', 'sql_extract', 'manual__2023-07-28T07:01:51.579563+00:00', '--job-id', '177', '--raw', '--subdir', 'DAGS_FOLDER/test.py', '--cfg-path', '/tmp/tmp2ea1yfss']
[2023-07-28T07:02:02.801+0000] {standard_task_runner.py:85} INFO - Job 177: Subtask sql_extract
[2023-07-28T07:02:03.406+0000] {task_command.py:410} INFO - Running <TaskInstance: gcp_extract_and_load.sql_extract manual__2023-07-28T07:01:51.579563+00:00 [running]> on host b38a1c3e4ebf
[2023-07-28T07:02:04.381+0000] {taskinstance.py:1547} INFO - Exporting env vars: AIRFLOW_CTX_DAG_OWNER='***' AIRFLOW_CTX_DAG_ID='gcp_extract_and_load' AIRFLOW_CTX_TASK_ID='sql_extract' AIRFLOW_CTX_EXECUTION_DATE='2023-07-28T07:01:51.579563+00:00' AIRFLOW_CTX_TRY_NUMBER='1' AIRFLOW_CTX_DAG_RUN_ID='manual__2023-07-28T07:01:51.579563+00:00'
[2023-07-28T07:02:04.466+0000] {base.py:73} INFO - Using connection ID 'mysql_conn_id' for task execution.
[2023-07-28T07:02:04.572+0000] {sql.py:375} INFO - Running statement: 
                SELECT table_name
                FROM information_schema.tables
                WHERE table_schema = 'employees' AND table_name = 'employees'
            , parameters: None
[2023-07-28T07:02:04.574+0000] {sql.py:384} INFO - Rows affected: 1
[2023-07-28T07:02:04.575+0000] {logging_mixin.py:150} INFO - (('employees',),)
[2023-07-28T07:02:04.575+0000] {python.py:183} INFO - Done. Returned value was: ('employees',)
[2023-07-28T07:02:04.715+0000] {taskinstance.py:1350} INFO - Marking task as SUCCESS. dag_id=gcp_extract_and_load, task_id=sql_extract, execution_date=20230728T070151, start_date=20230728T070202, end_date=20230728T070204
[2023-07-28T07:02:04.911+0000] {local_task_job_runner.py:225} INFO - Task exited with return code 0
[2023-07-28T07:02:05.044+0000] {taskinstance.py:2653} INFO - 0 downstream tasks scheduled from follow-on schedule check
