[2023-07-28T05:40:22.366+0000] {taskinstance.py:1103} INFO - Dependencies all met for dep_context=non-requeueable deps ti=<TaskInstance: gcp_extract_and_load_full_copy.sql_extract scheduled__2022-02-20T23:00:00+00:00 [queued]>
[2023-07-28T05:40:22.991+0000] {taskinstance.py:1103} INFO - Dependencies all met for dep_context=requeueable deps ti=<TaskInstance: gcp_extract_and_load_full_copy.sql_extract scheduled__2022-02-20T23:00:00+00:00 [queued]>
[2023-07-28T05:40:23.023+0000] {taskinstance.py:1308} INFO - Starting attempt 1 of 2
[2023-07-28T05:40:24.724+0000] {taskinstance.py:1327} INFO - Executing <Task(PythonOperator): sql_extract> on 2022-02-20 23:00:00+00:00
[2023-07-28T05:40:25.580+0000] {standard_task_runner.py:57} INFO - Started process 5780 to run task
[2023-07-28T05:40:27.481+0000] {standard_task_runner.py:84} INFO - Running: ['***', 'tasks', 'run', 'gcp_extract_and_load_full_copy', 'sql_extract', 'scheduled__2022-02-20T23:00:00+00:00', '--job-id', '62', '--raw', '--subdir', 'DAGS_FOLDER/full_copy.py', '--cfg-path', '/tmp/tmp04_2kmkv']
[2023-07-28T05:40:27.900+0000] {standard_task_runner.py:85} INFO - Job 62: Subtask sql_extract
[2023-07-28T05:40:34.225+0000] {task_command.py:410} INFO - Running <TaskInstance: gcp_extract_and_load_full_copy.sql_extract scheduled__2022-02-20T23:00:00+00:00 [running]> on host b38a1c3e4ebf
[2023-07-28T05:40:40.046+0000] {taskinstance.py:1547} INFO - Exporting env vars: AIRFLOW_CTX_DAG_OWNER='***' AIRFLOW_CTX_DAG_ID='gcp_extract_and_load_full_copy' AIRFLOW_CTX_TASK_ID='sql_extract' AIRFLOW_CTX_EXECUTION_DATE='2022-02-20T23:00:00+00:00' AIRFLOW_CTX_TRY_NUMBER='1' AIRFLOW_CTX_DAG_RUN_ID='scheduled__2022-02-20T23:00:00+00:00'
[2023-07-28T05:40:40.895+0000] {base.py:73} INFO - Using connection ID 'mysql_conn_id' for task execution.
[2023-07-28T05:40:43.006+0000] {sql.py:375} INFO - Running statement: 
            SELECT table_name
            FROM information_schema.tables
            WHERE table_schema = 'employees' AND table_name = 'employees'
        , parameters: None
[2023-07-28T05:40:43.059+0000] {sql.py:384} INFO - Rows affected: 1
[2023-07-28T05:40:43.088+0000] {logging_mixin.py:150} INFO - (('employees',),)
[2023-07-28T05:40:43.106+0000] {python.py:183} INFO - Done. Returned value was: ('employees',)
[2023-07-28T05:40:44.414+0000] {taskinstance.py:1350} INFO - Marking task as SUCCESS. dag_id=gcp_extract_and_load_full_copy, task_id=sql_extract, execution_date=20220220T230000, start_date=20230728T054022, end_date=20230728T054044
[2023-07-28T05:40:47.835+0000] {local_task_job_runner.py:225} INFO - Task exited with return code 0
[2023-07-28T05:40:53.399+0000] {taskinstance.py:2653} INFO - 0 downstream tasks scheduled from follow-on schedule check
[2023-07-28T05:48:25.076+0000] {taskinstance.py:1103} INFO - Dependencies all met for dep_context=non-requeueable deps ti=<TaskInstance: gcp_extract_and_load_full_copy.sql_extract scheduled__2022-02-20T23:00:00+00:00 [queued]>
[2023-07-28T05:48:25.683+0000] {taskinstance.py:1103} INFO - Dependencies all met for dep_context=requeueable deps ti=<TaskInstance: gcp_extract_and_load_full_copy.sql_extract scheduled__2022-02-20T23:00:00+00:00 [queued]>
[2023-07-28T05:48:25.757+0000] {taskinstance.py:1308} INFO - Starting attempt 1 of 2
[2023-07-28T05:48:27.662+0000] {taskinstance.py:1327} INFO - Executing <Task(PythonOperator): sql_extract> on 2022-02-20 23:00:00+00:00
[2023-07-28T05:48:27.851+0000] {standard_task_runner.py:57} INFO - Started process 6056 to run task
[2023-07-28T05:48:28.167+0000] {standard_task_runner.py:84} INFO - Running: ['***', 'tasks', 'run', 'gcp_extract_and_load_full_copy', 'sql_extract', 'scheduled__2022-02-20T23:00:00+00:00', '--job-id', '63', '--raw', '--subdir', 'DAGS_FOLDER/full_copy.py', '--cfg-path', '/tmp/tmpklhvc75s']
[2023-07-28T05:48:28.340+0000] {standard_task_runner.py:85} INFO - Job 63: Subtask sql_extract
[2023-07-28T05:48:34.382+0000] {task_command.py:410} INFO - Running <TaskInstance: gcp_extract_and_load_full_copy.sql_extract scheduled__2022-02-20T23:00:00+00:00 [running]> on host b38a1c3e4ebf
[2023-07-28T05:48:44.144+0000] {taskinstance.py:1547} INFO - Exporting env vars: AIRFLOW_CTX_DAG_OWNER='***' AIRFLOW_CTX_DAG_ID='gcp_extract_and_load_full_copy' AIRFLOW_CTX_TASK_ID='sql_extract' AIRFLOW_CTX_EXECUTION_DATE='2022-02-20T23:00:00+00:00' AIRFLOW_CTX_TRY_NUMBER='1' AIRFLOW_CTX_DAG_RUN_ID='scheduled__2022-02-20T23:00:00+00:00'
[2023-07-28T05:48:44.916+0000] {base.py:73} INFO - Using connection ID 'mysql_conn_id' for task execution.
[2023-07-28T05:48:46.279+0000] {sql.py:375} INFO - Running statement: 
            SELECT table_name
            FROM information_schema.tables
            WHERE table_schema = 'employees' AND table_name = 'employees'
        , parameters: None
[2023-07-28T05:48:46.285+0000] {sql.py:384} INFO - Rows affected: 1
[2023-07-28T05:48:46.296+0000] {logging_mixin.py:150} INFO - (('employees',),)
[2023-07-28T05:48:46.297+0000] {python.py:183} INFO - Done. Returned value was: ('employees',)
[2023-07-28T05:48:50.312+0000] {taskinstance.py:1350} INFO - Marking task as SUCCESS. dag_id=gcp_extract_and_load_full_copy, task_id=sql_extract, execution_date=20220220T230000, start_date=20230728T054825, end_date=20230728T054850
[2023-07-28T05:48:59.347+0000] {local_task_job_runner.py:225} INFO - Task exited with return code 0
[2023-07-28T05:49:00.786+0000] {taskinstance.py:2653} INFO - 1 downstream tasks scheduled from follow-on schedule check
