[2023-07-28T12:03:58.494+0000] {taskinstance.py:1103} INFO - Dependencies all met for dep_context=non-requeueable deps ti=<TaskInstance: gcp_extract_and_load.sql_extract scheduled__2023-07-27T10:00:00+00:00 [queued]>
[2023-07-28T12:03:58.577+0000] {taskinstance.py:1103} INFO - Dependencies all met for dep_context=requeueable deps ti=<TaskInstance: gcp_extract_and_load.sql_extract scheduled__2023-07-27T10:00:00+00:00 [queued]>
[2023-07-28T12:03:58.592+0000] {taskinstance.py:1308} INFO - Starting attempt 1 of 1
[2023-07-28T12:03:58.798+0000] {taskinstance.py:1327} INFO - Executing <Task(_PythonDecoratedOperator): sql_extract> on 2023-07-27 10:00:00+00:00
[2023-07-28T12:03:58.849+0000] {standard_task_runner.py:57} INFO - Started process 3115 to run task
[2023-07-28T12:03:58.924+0000] {standard_task_runner.py:84} INFO - Running: ['***', 'tasks', 'run', 'gcp_extract_and_load', 'sql_extract', 'scheduled__2023-07-27T10:00:00+00:00', '--job-id', '199', '--raw', '--subdir', 'DAGS_FOLDER/test.py', '--cfg-path', '/tmp/tmpala732b_']
[2023-07-28T12:03:58.954+0000] {standard_task_runner.py:85} INFO - Job 199: Subtask sql_extract
[2023-07-28T12:03:59.283+0000] {task_command.py:410} INFO - Running <TaskInstance: gcp_extract_and_load.sql_extract scheduled__2023-07-27T10:00:00+00:00 [running]> on host a7b633085ee1
[2023-07-28T12:04:00.159+0000] {taskinstance.py:1547} INFO - Exporting env vars: AIRFLOW_CTX_DAG_OWNER='***' AIRFLOW_CTX_DAG_ID='gcp_extract_and_load' AIRFLOW_CTX_TASK_ID='sql_extract' AIRFLOW_CTX_EXECUTION_DATE='2023-07-27T10:00:00+00:00' AIRFLOW_CTX_TRY_NUMBER='1' AIRFLOW_CTX_DAG_RUN_ID='scheduled__2023-07-27T10:00:00+00:00'
[2023-07-28T12:04:00.203+0000] {base.py:73} INFO - Using connection ID 'mysql_conn_id' for task execution.
[2023-07-28T12:04:00.321+0000] {sql.py:375} INFO - Running statement: 
                SELECT table_name
                FROM information_schema.tables
                WHERE table_schema = 'employees' AND table_name = 'employees'
            , parameters: None
[2023-07-28T12:04:00.325+0000] {sql.py:384} INFO - Rows affected: 1
[2023-07-28T12:04:00.332+0000] {logging_mixin.py:150} INFO - (('employees',),)
[2023-07-28T12:04:00.337+0000] {python.py:183} INFO - Done. Returned value was: ('employees',)
[2023-07-28T12:04:00.501+0000] {taskinstance.py:1350} INFO - Marking task as SUCCESS. dag_id=gcp_extract_and_load, task_id=sql_extract, execution_date=20230727T100000, start_date=20230728T120358, end_date=20230728T120400
[2023-07-28T12:04:00.594+0000] {local_task_job_runner.py:225} INFO - Task exited with return code 0
[2023-07-28T12:04:00.740+0000] {taskinstance.py:2653} INFO - 1 downstream tasks scheduled from follow-on schedule check
