[2023-07-28T06:44:55.365+0000] {taskinstance.py:1103} INFO - Dependencies all met for dep_context=non-requeueable deps ti=<TaskInstance: full_copy.sql_extract scheduled__2023-06-18T23:00:00+00:00 [queued]>
[2023-07-28T06:44:55.575+0000] {taskinstance.py:1103} INFO - Dependencies all met for dep_context=requeueable deps ti=<TaskInstance: full_copy.sql_extract scheduled__2023-06-18T23:00:00+00:00 [queued]>
[2023-07-28T06:44:55.592+0000] {taskinstance.py:1308} INFO - Starting attempt 1 of 1
[2023-07-28T06:44:56.202+0000] {taskinstance.py:1327} INFO - Executing <Task(PythonOperator): sql_extract> on 2023-06-18 23:00:00+00:00
[2023-07-28T06:44:56.318+0000] {standard_task_runner.py:57} INFO - Started process 8103 to run task
[2023-07-28T06:44:56.379+0000] {standard_task_runner.py:84} INFO - Running: ['***', 'tasks', 'run', 'full_copy', 'sql_extract', 'scheduled__2023-06-18T23:00:00+00:00', '--job-id', '148', '--raw', '--subdir', 'DAGS_FOLDER/full_copy.py', '--cfg-path', '/tmp/tmprw4mfmac']
[2023-07-28T06:44:56.434+0000] {standard_task_runner.py:85} INFO - Job 148: Subtask sql_extract
[2023-07-28T06:44:57.565+0000] {task_command.py:410} INFO - Running <TaskInstance: full_copy.sql_extract scheduled__2023-06-18T23:00:00+00:00 [running]> on host b38a1c3e4ebf
[2023-07-28T06:44:59.297+0000] {taskinstance.py:1547} INFO - Exporting env vars: AIRFLOW_CTX_DAG_OWNER='***' AIRFLOW_CTX_DAG_ID='full_copy' AIRFLOW_CTX_TASK_ID='sql_extract' AIRFLOW_CTX_EXECUTION_DATE='2023-06-18T23:00:00+00:00' AIRFLOW_CTX_TRY_NUMBER='1' AIRFLOW_CTX_DAG_RUN_ID='scheduled__2023-06-18T23:00:00+00:00'
[2023-07-28T06:44:59.415+0000] {base.py:73} INFO - Using connection ID 'mysql_conn_id' for task execution.
[2023-07-28T06:45:00.140+0000] {sql.py:375} INFO - Running statement: 
            SELECT table_name
            FROM information_schema.tables
            WHERE table_schema = 'employees' AND table_name = 'employees'
        , parameters: None
[2023-07-28T06:45:00.162+0000] {sql.py:384} INFO - Rows affected: 1
[2023-07-28T06:45:00.223+0000] {logging_mixin.py:150} INFO - (('employees',),)
[2023-07-28T06:45:00.247+0000] {python.py:183} INFO - Done. Returned value was: ('employees',)
[2023-07-28T06:45:01.013+0000] {taskinstance.py:1350} INFO - Marking task as SUCCESS. dag_id=full_copy, task_id=sql_extract, execution_date=20230618T230000, start_date=20230728T064455, end_date=20230728T064501
[2023-07-28T06:45:02.203+0000] {local_task_job_runner.py:225} INFO - Task exited with return code 0
[2023-07-28T06:45:02.891+0000] {taskinstance.py:2653} INFO - 1 downstream tasks scheduled from follow-on schedule check
