[2023-07-28T06:32:42.699+0000] {taskinstance.py:1103} INFO - Dependencies all met for dep_context=non-requeueable deps ti=<TaskInstance: full_copy.sql_extract scheduled__2022-03-06T23:00:00+00:00 [queued]>
[2023-07-28T06:32:43.202+0000] {taskinstance.py:1103} INFO - Dependencies all met for dep_context=requeueable deps ti=<TaskInstance: full_copy.sql_extract scheduled__2022-03-06T23:00:00+00:00 [queued]>
[2023-07-28T06:32:43.215+0000] {taskinstance.py:1308} INFO - Starting attempt 1 of 2
[2023-07-28T06:32:43.721+0000] {taskinstance.py:1327} INFO - Executing <Task(PythonOperator): sql_extract> on 2022-03-06 23:00:00+00:00
[2023-07-28T06:32:43.842+0000] {standard_task_runner.py:57} INFO - Started process 7633 to run task
[2023-07-28T06:32:43.904+0000] {standard_task_runner.py:84} INFO - Running: ['***', 'tasks', 'run', 'full_copy', 'sql_extract', 'scheduled__2022-03-06T23:00:00+00:00', '--job-id', '121', '--raw', '--subdir', 'DAGS_FOLDER/full_copy.py', '--cfg-path', '/tmp/tmpfw0aa75z']
[2023-07-28T06:32:44.111+0000] {standard_task_runner.py:85} INFO - Job 121: Subtask sql_extract
[2023-07-28T06:32:45.948+0000] {task_command.py:410} INFO - Running <TaskInstance: full_copy.sql_extract scheduled__2022-03-06T23:00:00+00:00 [running]> on host b38a1c3e4ebf
[2023-07-28T06:32:48.754+0000] {taskinstance.py:1547} INFO - Exporting env vars: AIRFLOW_CTX_DAG_OWNER='***' AIRFLOW_CTX_DAG_ID='full_copy' AIRFLOW_CTX_TASK_ID='sql_extract' AIRFLOW_CTX_EXECUTION_DATE='2022-03-06T23:00:00+00:00' AIRFLOW_CTX_TRY_NUMBER='1' AIRFLOW_CTX_DAG_RUN_ID='scheduled__2022-03-06T23:00:00+00:00'
[2023-07-28T06:32:49.040+0000] {base.py:73} INFO - Using connection ID 'mysql_conn_id' for task execution.
[2023-07-28T06:32:49.461+0000] {sql.py:375} INFO - Running statement: 
            SELECT table_name
            FROM information_schema.tables
            WHERE table_schema = 'employees' AND table_name = 'employees'
        , parameters: None
[2023-07-28T06:32:49.476+0000] {sql.py:384} INFO - Rows affected: 1
[2023-07-28T06:32:49.483+0000] {logging_mixin.py:150} INFO - (('employees',),)
[2023-07-28T06:32:49.488+0000] {python.py:183} INFO - Done. Returned value was: ('employees',)
[2023-07-28T06:32:50.331+0000] {taskinstance.py:1350} INFO - Marking task as SUCCESS. dag_id=full_copy, task_id=sql_extract, execution_date=20220306T230000, start_date=20230728T063242, end_date=20230728T063250
[2023-07-28T06:32:51.744+0000] {local_task_job_runner.py:225} INFO - Task exited with return code 0
[2023-07-28T06:32:52.896+0000] {taskinstance.py:2653} INFO - 0 downstream tasks scheduled from follow-on schedule check
